{"/home/ocelot/full-stack-developer-assessment/backend/db.ts": {"path":"/home/ocelot/full-stack-developer-assessment/backend/db.ts","statementMap":{"0":{"start":{"line":2,"column":0},"end":{"line":2,"column":55}},"1":{"start":{"line":4,"column":0},"end":{"line":6,"column":1}},"2":{"start":{"line":5,"column":4},"end":{"line":5,"column":42}},"3":{"start":{"line":8,"column":13},"end":{"line":11,"column":3}},"4":{"start":{"line":13,"column":0},"end":{"line":13,"column":13}},"5":{"start":{"line":18,"column":0},"end":{"line":26,"column":57}}},"fnMap":{},"branchMap":{"0":{"loc":{"start":{"line":4,"column":0},"end":{"line":6,"column":1}},"type":"if","locations":[{"start":{"line":4,"column":0},"end":{"line":6,"column":1}}]}},"s":{"0":3,"1":3,"2":0,"3":3,"4":3,"5":3},"f":{},"b":{"0":[0]}}
,"/home/ocelot/full-stack-developer-assessment/backend/server.ts": {"path":"/home/ocelot/full-stack-developer-assessment/backend/server.ts","statementMap":{"0":{"start":{"line":1,"column":0},"end":{"line":1,"column":30}},"1":{"start":{"line":2,"column":0},"end":{"line":2,"column":43}},"2":{"start":{"line":3,"column":0},"end":{"line":3,"column":32}},"3":{"start":{"line":4,"column":0},"end":{"line":4,"column":28}},"4":{"start":{"line":6,"column":0},"end":{"line":6,"column":16}},"5":{"start":{"line":9,"column":0},"end":{"line":9,"column":57}},"6":{"start":{"line":9,"column":28},"end":{"line":9,"column":55}},"7":{"start":{"line":11,"column":12},"end":{"line":11,"column":21}},"8":{"start":{"line":12,"column":13},"end":{"line":12,"column":37}},"9":{"start":{"line":14,"column":0},"end":{"line":14,"column":24}},"10":{"start":{"line":16,"column":0},"end":{"line":16,"column":37}},"11":{"start":{"line":18,"column":0},"end":{"line":20,"column":3}},"12":{"start":{"line":19,"column":2},"end":{"line":19,"column":51}},"13":{"start":{"line":22,"column":0},"end":{"line":22,"column":19}}},"fnMap":{"0":{"name":"(anonymous_1)","decl":{"start":{"line":9,"column":22},"end":{"line":9,"column":25}},"loc":{"start":{"line":9,"column":28},"end":{"line":9,"column":55}}},"1":{"name":"(anonymous_2)","decl":{"start":{"line":18,"column":17},"end":{"line":18,"column":20}},"loc":{"start":{"line":18,"column":22},"end":{"line":20,"column":1}}}},"branchMap":{"0":{"loc":{"start":{"line":12,"column":13},"end":{"line":12,"column":37}},"type":"binary-expr","locations":[{"start":{"line":12,"column":13},"end":{"line":12,"column":29}},{"start":{"line":12,"column":33},"end":{"line":12,"column":37}}]}},"s":{"0":2,"1":2,"2":2,"3":2,"4":2,"5":2,"6":1,"7":2,"8":2,"9":2,"10":2,"11":2,"12":1,"13":2},"f":{"0":1,"1":1},"b":{"0":[2,2]}}
,"/home/ocelot/full-stack-developer-assessment/backend/routes/school.ts": {"path":"/home/ocelot/full-stack-developer-assessment/backend/routes/school.ts","statementMap":{"0":{"start":{"line":1,"column":0},"end":{"line":1,"column":30}},"1":{"start":{"line":2,"column":0},"end":{"line":2,"column":58}},"2":{"start":{"line":4,"column":15},"end":{"line":4,"column":31}},"3":{"start":{"line":7,"column":0},"end":{"line":18,"column":3}},"4":{"start":{"line":7,"column":71},"end":{"line":18,"column":2}},"5":{"start":{"line":8,"column":4},"end":{"line":17,"column":5}},"6":{"start":{"line":9,"column":26},"end":{"line":9,"column":62}},"7":{"start":{"line":10,"column":8},"end":{"line":10,"column":40}},"8":{"start":{"line":12,"column":8},"end":{"line":16,"column":9}},"9":{"start":{"line":13,"column":12},"end":{"line":13,"column":59}},"10":{"start":{"line":15,"column":12},"end":{"line":15,"column":73}},"11":{"start":{"line":21,"column":0},"end":{"line":24,"column":3}},"12":{"start":{"line":21,"column":70},"end":{"line":24,"column":2}},"13":{"start":{"line":22,"column":20},"end":{"line":22,"column":49}},"14":{"start":{"line":23,"column":4},"end":{"line":23,"column":22}},"15":{"start":{"line":27,"column":0},"end":{"line":41,"column":3}},"16":{"start":{"line":27,"column":73},"end":{"line":41,"column":2}},"17":{"start":{"line":28,"column":4},"end":{"line":40,"column":5}},"18":{"start":{"line":29,"column":21},"end":{"line":29,"column":60}},"19":{"start":{"line":30,"column":8},"end":{"line":32,"column":9}},"20":{"start":{"line":31,"column":12},"end":{"line":31,"column":48}},"21":{"start":{"line":33,"column":8},"end":{"line":33,"column":23}},"22":{"start":{"line":35,"column":8},"end":{"line":39,"column":9}},"23":{"start":{"line":36,"column":12},"end":{"line":36,"column":59}},"24":{"start":{"line":38,"column":12},"end":{"line":38,"column":73}},"25":{"start":{"line":44,"column":0},"end":{"line":59,"column":3}},"26":{"start":{"line":44,"column":73},"end":{"line":59,"column":2}},"27":{"start":{"line":45,"column":4},"end":{"line":58,"column":5}},"28":{"start":{"line":46,"column":30},"end":{"line":46,"column":81}},"29":{"start":{"line":47,"column":8},"end":{"line":47,"column":32}},"30":{"start":{"line":49,"column":8},"end":{"line":57,"column":9}},"31":{"start":{"line":50,"column":12},"end":{"line":54,"column":13}},"32":{"start":{"line":51,"column":16},"end":{"line":51,"column":63}},"33":{"start":{"line":53,"column":16},"end":{"line":53,"column":63}},"34":{"start":{"line":56,"column":12},"end":{"line":56,"column":73}},"35":{"start":{"line":62,"column":0},"end":{"line":73,"column":3}},"36":{"start":{"line":62,"column":76},"end":{"line":73,"column":2}},"37":{"start":{"line":63,"column":4},"end":{"line":72,"column":5}},"38":{"start":{"line":64,"column":8},"end":{"line":64,"column":50}},"39":{"start":{"line":65,"column":8},"end":{"line":65,"column":73}},"40":{"start":{"line":67,"column":8},"end":{"line":71,"column":9}},"41":{"start":{"line":68,"column":12},"end":{"line":68,"column":59}},"42":{"start":{"line":70,"column":12},"end":{"line":70,"column":73}},"43":{"start":{"line":75,"column":0},"end":{"line":75,"column":22}}},"fnMap":{"0":{"name":"(anonymous_8)","decl":{"start":{"line":7,"column":17},"end":{"line":7,"column":24}},"loc":{"start":{"line":7,"column":71},"end":{"line":18,"column":2}}},"1":{"name":"(anonymous_9)","decl":{"start":{"line":7,"column":71},"end":{"line":7,"column":null}},"loc":{"start":{"line":7,"column":71},"end":{"line":18,"column":1}}},"2":{"name":"(anonymous_10)","decl":{"start":{"line":21,"column":16},"end":{"line":21,"column":23}},"loc":{"start":{"line":21,"column":70},"end":{"line":24,"column":2}}},"3":{"name":"(anonymous_11)","decl":{"start":{"line":21,"column":70},"end":{"line":21,"column":null}},"loc":{"start":{"line":21,"column":70},"end":{"line":24,"column":1}}},"4":{"name":"(anonymous_12)","decl":{"start":{"line":27,"column":19},"end":{"line":27,"column":26}},"loc":{"start":{"line":27,"column":73},"end":{"line":41,"column":2}}},"5":{"name":"(anonymous_13)","decl":{"start":{"line":27,"column":73},"end":{"line":27,"column":null}},"loc":{"start":{"line":27,"column":73},"end":{"line":41,"column":1}}},"6":{"name":"(anonymous_14)","decl":{"start":{"line":44,"column":19},"end":{"line":44,"column":26}},"loc":{"start":{"line":44,"column":73},"end":{"line":59,"column":2}}},"7":{"name":"(anonymous_15)","decl":{"start":{"line":44,"column":73},"end":{"line":44,"column":null}},"loc":{"start":{"line":44,"column":73},"end":{"line":59,"column":1}}},"8":{"name":"(anonymous_16)","decl":{"start":{"line":62,"column":22},"end":{"line":62,"column":29}},"loc":{"start":{"line":62,"column":76},"end":{"line":73,"column":2}}},"9":{"name":"(anonymous_17)","decl":{"start":{"line":62,"column":76},"end":{"line":62,"column":null}},"loc":{"start":{"line":62,"column":76},"end":{"line":73,"column":1}}}},"branchMap":{"0":{"loc":{"start":{"line":12,"column":8},"end":{"line":16,"column":9}},"type":"if","locations":[{"start":{"line":12,"column":8},"end":{"line":16,"column":9}},{"start":{"line":14,"column":15},"end":{"line":16,"column":9}}]},"1":{"loc":{"start":{"line":30,"column":8},"end":{"line":32,"column":9}},"type":"if","locations":[{"start":{"line":30,"column":8},"end":{"line":32,"column":9}}]},"2":{"loc":{"start":{"line":35,"column":8},"end":{"line":39,"column":9}},"type":"if","locations":[{"start":{"line":35,"column":8},"end":{"line":39,"column":9}},{"start":{"line":37,"column":15},"end":{"line":39,"column":9}}]},"3":{"loc":{"start":{"line":49,"column":8},"end":{"line":57,"column":9}},"type":"if","locations":[{"start":{"line":49,"column":8},"end":{"line":57,"column":9}},{"start":{"line":55,"column":15},"end":{"line":57,"column":9}}]},"4":{"loc":{"start":{"line":50,"column":12},"end":{"line":54,"column":13}},"type":"if","locations":[{"start":{"line":50,"column":12},"end":{"line":54,"column":13}},{"start":{"line":52,"column":19},"end":{"line":54,"column":13}}]},"5":{"loc":{"start":{"line":67,"column":8},"end":{"line":71,"column":9}},"type":"if","locations":[{"start":{"line":67,"column":8},"end":{"line":71,"column":9}},{"start":{"line":69,"column":15},"end":{"line":71,"column":9}}]}},"s":{"0":2,"1":2,"2":2,"3":2,"4":1,"5":1,"6":1,"7":0,"8":1,"9":1,"10":0,"11":2,"12":2,"13":2,"14":2,"15":2,"16":1,"17":1,"18":1,"19":1,"20":0,"21":1,"22":0,"23":0,"24":0,"25":2,"26":2,"27":2,"28":2,"29":0,"30":2,"31":2,"32":1,"33":1,"34":0,"35":2,"36":2,"37":2,"38":2,"39":1,"40":1,"41":1,"42":0,"43":2},"f":{"0":1,"1":1,"2":2,"3":2,"4":1,"5":1,"6":2,"7":2,"8":2,"9":2},"b":{"0":[1,0],"1":[0],"2":[0,0],"3":[2,0],"4":[1,1],"5":[1,0]}}
,"/home/ocelot/full-stack-developer-assessment/backend/services/schoolService.ts": {"path":"/home/ocelot/full-stack-developer-assessment/backend/services/schoolService.ts","statementMap":{"0":{"start":{"line":1,"column":0},"end":{"line":1,"column":30}},"1":{"start":{"line":9,"column":13},"end":{"line":74,"column":2}},"2":{"start":{"line":10,"column":51},"end":{"line":12,"column":null}},"3":{"start":{"line":11,"column":4},"end":{"line":11,"column":34}},"4":{"start":{"line":14,"column":68},"end":{"line":16,"column":null}},"5":{"start":{"line":15,"column":4},"end":{"line":15,"column":37}},"6":{"start":{"line":18,"column":89},"end":{"line":37,"column":null}},"7":{"start":{"line":19,"column":4},"end":{"line":19,"column":null}},"8":{"start":{"line":20,"column":25},"end":{"line":20,"column":37}},"9":{"start":{"line":21,"column":27},"end":{"line":21,"column":41}},"10":{"start":{"line":22,"column":4},"end":{"line":24,"column":5}},"11":{"start":{"line":23,"column":6},"end":{"line":23,"column":80}},"12":{"start":{"line":26,"column":27},"end":{"line":26,"column":72}},"13":{"start":{"line":27,"column":4},"end":{"line":29,"column":5}},"14":{"start":{"line":28,"column":6},"end":{"line":28,"column":64}},"15":{"start":{"line":31,"column":22},"end":{"line":34,"column":6}},"16":{"start":{"line":36,"column":4},"end":{"line":36,"column":null}},"17":{"start":{"line":39,"column":101},"end":{"line":65,"column":null}},"18":{"start":{"line":40,"column":4},"end":{"line":42,"column":5}},"19":{"start":{"line":41,"column":6},"end":{"line":41,"column":57}},"20":{"start":{"line":44,"column":19},"end":{"line":44,"column":44}},"21":{"start":{"line":45,"column":4},"end":{"line":64,"column":5}},"22":{"start":{"line":46,"column":6},"end":{"line":61,"column":7}},"23":{"start":{"line":47,"column":30},"end":{"line":51,"column":null}},"24":{"start":{"line":54,"column":8},"end":{"line":54,"column":null}},"25":{"start":{"line":56,"column":8},"end":{"line":56,"column":null}},"26":{"start":{"line":59,"column":8},"end":{"line":59,"column":55}},"27":{"start":{"line":60,"column":8},"end":{"line":60,"column":20}},"28":{"start":{"line":63,"column":6},"end":{"line":63,"column":42}},"29":{"start":{"line":67,"column":46},"end":{"line":73,"column":null}},"30":{"start":{"line":68,"column":19},"end":{"line":68,"column":44}},"31":{"start":{"line":69,"column":4},"end":{"line":71,"column":5}},"32":{"start":{"line":70,"column":6},"end":{"line":70,"column":42}},"33":{"start":{"line":72,"column":4},"end":{"line":72,"column":27}}},"fnMap":{"0":{"name":"(anonymous_7)","decl":{"start":{"line":10,"column":11},"end":{"line":10,"column":49}},"loc":{"start":{"line":10,"column":51},"end":{"line":12,"column":null}}},"1":{"name":"(anonymous_8)","decl":{"start":{"line":10,"column":51},"end":{"line":10,"column":null}},"loc":{"start":{"line":10,"column":51},"end":{"line":12,"column":3}}},"2":{"name":"(anonymous_9)","decl":{"start":{"line":14,"column":8},"end":{"line":14,"column":15}},"loc":{"start":{"line":14,"column":68},"end":{"line":16,"column":null}}},"3":{"name":"(anonymous_10)","decl":{"start":{"line":14,"column":68},"end":{"line":14,"column":null}},"loc":{"start":{"line":14,"column":68},"end":{"line":16,"column":3}}},"4":{"name":"(anonymous_11)","decl":{"start":{"line":18,"column":10},"end":{"line":18,"column":17}},"loc":{"start":{"line":18,"column":89},"end":{"line":37,"column":null}}},"5":{"name":"(anonymous_12)","decl":{"start":{"line":18,"column":89},"end":{"line":18,"column":null}},"loc":{"start":{"line":18,"column":89},"end":{"line":37,"column":3}}},"6":{"name":"(anonymous_13)","decl":{"start":{"line":39,"column":10},"end":{"line":39,"column":17}},"loc":{"start":{"line":39,"column":101},"end":{"line":65,"column":null}}},"7":{"name":"(anonymous_14)","decl":{"start":{"line":39,"column":101},"end":{"line":39,"column":null}},"loc":{"start":{"line":39,"column":101},"end":{"line":65,"column":3}}},"8":{"name":"(anonymous_15)","decl":{"start":{"line":67,"column":10},"end":{"line":67,"column":17}},"loc":{"start":{"line":67,"column":46},"end":{"line":73,"column":null}}},"9":{"name":"(anonymous_16)","decl":{"start":{"line":67,"column":46},"end":{"line":67,"column":null}},"loc":{"start":{"line":67,"column":46},"end":{"line":73,"column":3}}}},"branchMap":{"0":{"loc":{"start":{"line":22,"column":4},"end":{"line":24,"column":5}},"type":"if","locations":[{"start":{"line":22,"column":4},"end":{"line":24,"column":5}}]},"1":{"loc":{"start":{"line":22,"column":8},"end":{"line":22,"column":63}},"type":"binary-expr","locations":[{"start":{"line":22,"column":8},"end":{"line":22,"column":13}},{"start":{"line":22,"column":17},"end":{"line":22,"column":41}},{"start":{"line":22,"column":45},"end":{"line":22,"column":63}}]},"2":{"loc":{"start":{"line":27,"column":4},"end":{"line":29,"column":5}},"type":"if","locations":[{"start":{"line":27,"column":4},"end":{"line":29,"column":5}}]},"3":{"loc":{"start":{"line":40,"column":4},"end":{"line":42,"column":5}},"type":"if","locations":[{"start":{"line":40,"column":4},"end":{"line":42,"column":5}}]},"4":{"loc":{"start":{"line":40,"column":8},"end":{"line":40,"column":87}},"type":"binary-expr","locations":[{"start":{"line":40,"column":8},"end":{"line":40,"column":21}},{"start":{"line":40,"column":25},"end":{"line":40,"column":57}},{"start":{"line":40,"column":61},"end":{"line":40,"column":87}}]},"5":{"loc":{"start":{"line":45,"column":4},"end":{"line":64,"column":5}},"type":"if","locations":[{"start":{"line":45,"column":4},"end":{"line":64,"column":5}},{"start":{"line":62,"column":11},"end":{"line":64,"column":5}}]},"6":{"loc":{"start":{"line":69,"column":4},"end":{"line":71,"column":5}},"type":"if","locations":[{"start":{"line":69,"column":4},"end":{"line":71,"column":5}}]}},"s":{"0":3,"1":3,"2":5,"3":5,"4":3,"5":3,"6":8,"7":8,"8":8,"9":8,"10":8,"11":2,"12":6,"13":5,"14":0,"15":5,"16":4,"17":4,"18":4,"19":0,"20":4,"21":4,"22":2,"23":2,"24":2,"25":1,"26":1,"27":1,"28":2,"29":4,"30":4,"31":4,"32":2,"33":2},"f":{"0":5,"1":5,"2":3,"3":3,"4":8,"5":8,"6":4,"7":4,"8":4,"9":4},"b":{"0":[2],"1":[8,6,6],"2":[0],"3":[0],"4":[4,4,4],"5":[2,2],"6":[2]}}
}
