TN:
SF:db.ts
FNF:0
FNH:0
DA:2,3
DA:4,3
DA:5,0
DA:8,3
DA:13,3
DA:18,3
LF:6
LH:5
BRDA:4,0,0,0
BRF:1
BRH:0
end_of_record
TN:
SF:server.ts
FN:9,(anonymous_1)
FN:18,(anonymous_2)
FNF:2
FNH:2
FNDA:1,(anonymous_1)
FNDA:1,(anonymous_2)
DA:1,2
DA:2,2
DA:3,2
DA:4,2
DA:6,2
DA:9,2
DA:11,2
DA:12,2
DA:14,2
DA:16,2
DA:18,2
DA:19,1
DA:22,2
LF:13
LH:13
BRDA:12,0,0,2
BRDA:12,0,1,2
BRF:2
BRH:2
end_of_record
TN:
SF:routes/school.ts
FN:7,(anonymous_8)
FN:7,(anonymous_9)
FN:21,(anonymous_10)
FN:21,(anonymous_11)
FN:27,(anonymous_12)
FN:27,(anonymous_13)
FN:44,(anonymous_14)
FN:44,(anonymous_15)
FN:62,(anonymous_16)
FN:62,(anonymous_17)
FNF:10
FNH:10
FNDA:1,(anonymous_8)
FNDA:1,(anonymous_9)
FNDA:2,(anonymous_10)
FNDA:2,(anonymous_11)
FNDA:1,(anonymous_12)
FNDA:1,(anonymous_13)
FNDA:2,(anonymous_14)
FNDA:2,(anonymous_15)
FNDA:2,(anonymous_16)
FNDA:2,(anonymous_17)
DA:1,2
DA:2,2
DA:4,2
DA:7,2
DA:8,1
DA:9,1
DA:10,0
DA:12,1
DA:13,1
DA:15,0
DA:21,2
DA:22,2
DA:23,2
DA:27,2
DA:28,1
DA:29,1
DA:30,1
DA:31,0
DA:33,1
DA:35,0
DA:36,0
DA:38,0
DA:44,2
DA:45,2
DA:46,2
DA:47,0
DA:49,2
DA:50,2
DA:51,1
DA:53,1
DA:56,0
DA:62,2
DA:63,2
DA:64,2
DA:65,1
DA:67,1
DA:68,1
DA:70,0
DA:75,2
LF:39
LH:30
BRDA:12,0,0,1
BRDA:12,0,1,0
BRDA:30,1,0,0
BRDA:35,2,0,0
BRDA:35,2,1,0
BRDA:49,3,0,2
BRDA:49,3,1,0
BRDA:50,4,0,1
BRDA:50,4,1,1
BRDA:67,5,0,1
BRDA:67,5,1,0
BRF:11
BRH:5
end_of_record
TN:
SF:services/schoolService.ts
FN:10,(anonymous_7)
FN:10,(anonymous_8)
FN:14,(anonymous_9)
FN:14,(anonymous_10)
FN:18,(anonymous_11)
FN:18,(anonymous_12)
FN:39,(anonymous_13)
FN:39,(anonymous_14)
FN:67,(anonymous_15)
FN:67,(anonymous_16)
FNF:10
FNH:10
FNDA:5,(anonymous_7)
FNDA:5,(anonymous_8)
FNDA:3,(anonymous_9)
FNDA:3,(anonymous_10)
FNDA:8,(anonymous_11)
FNDA:8,(anonymous_12)
FNDA:4,(anonymous_13)
FNDA:4,(anonymous_14)
FNDA:4,(anonymous_15)
FNDA:4,(anonymous_16)
DA:1,3
DA:9,3
DA:10,5
DA:11,5
DA:14,3
DA:15,3
DA:18,8
DA:19,8
DA:20,8
DA:21,8
DA:22,8
DA:23,2
DA:26,6
DA:27,5
DA:28,0
DA:31,5
DA:36,4
DA:39,4
DA:40,4
DA:41,0
DA:44,4
DA:45,4
DA:46,2
DA:47,2
DA:54,2
DA:56,1
DA:59,1
DA:60,1
DA:63,2
DA:67,4
DA:68,4
DA:69,4
DA:70,2
DA:72,2
LF:34
LH:32
BRDA:22,0,0,2
BRDA:22,1,0,8
BRDA:22,1,1,6
BRDA:22,1,2,6
BRDA:27,2,0,0
BRDA:40,3,0,0
BRDA:40,4,0,4
BRDA:40,4,1,4
BRDA:40,4,2,4
BRDA:45,5,0,2
BRDA:45,5,1,2
BRDA:69,6,0,2
BRF:12
BRH:10
end_of_record
